2026-04-22T11:28:48.379+07:00  INFO 3848 --- [main] c.a.absensiv2.Absensiv2Application       : Starting Absensiv2Application using Java 25.0.2 with PID 3848 (D:\all-tugas\basdat-smt2\absensi\be\target\classes started by user in D:\all-tugas\basdat-smt2\absensi\be)
2026-04-22T11:28:48.405+07:00  INFO 3848 --- [main] c.a.absensiv2.Absensiv2Application       : No active profile set, falling back to 1 default profile: "default"
2026-04-22T11:28:50.306+07:00  INFO 3848 --- [main] .s.d.r.c.RepositoryConfigurationDelegate : Bootstrapping Spring Data JPA repositories in DEFAULT mode.
2026-04-22T11:28:50.436+07:00  INFO 3848 --- [main] .s.d.r.c.RepositoryConfigurationDelegate : Finished Spring Data repository scanning in 115 ms. Found 7 JPA repository interfaces.
2026-04-22T11:28:51.470+07:00  INFO 3848 --- [main] o.s.boot.tomcat.TomcatWebServer          : Tomcat initialized with port 8080 (http)
2026-04-22T11:28:51.495+07:00  INFO 3848 --- [main] o.apache.catalina.core.StandardService   : Starting service [Tomcat]
2026-04-22T11:28:51.495+07:00  INFO 3848 --- [main] o.apache.catalina.core.StandardEngine    : Starting Servlet engine: [Apache Tomcat/11.0.18]
2026-04-22T11:28:51.675+07:00  INFO 3848 --- [main] b.w.c.s.WebApplicationContextInitializer : Root WebApplicationContext: initialization completed in 3106 ms
2026-04-22T11:28:52.177+07:00  INFO 3848 --- [main] org.hibernate.orm.jpa                    : HHH008540: Processing PersistenceUnitInfo [name: default]
2026-04-22T11:28:52.359+07:00  INFO 3848 --- [main] org.hibernate.orm.core                   : HHH000001: Hibernate ORM core version 7.2.4.Final
2026-04-22T11:28:53.826+07:00  INFO 3848 --- [main] o.s.o.j.p.SpringPersistenceUnitInfo      : No LoadTimeWeaver setup: ignoring JPA class transformer
2026-04-22T11:28:53.926+07:00  INFO 3848 --- [main] com.zaxxer.hikari.HikariDataSource       : HikariPool-1 - Starting...
2026-04-22T11:28:54.395+07:00  INFO 3848 --- [main] com.zaxxer.hikari.pool.HikariPool        : HikariPool-1 - Added connection com.mysql.cj.jdbc.ConnectionImpl@591a4d25
2026-04-22T11:28:54.400+07:00  INFO 3848 --- [main] com.zaxxer.hikari.HikariDataSource       : HikariPool-1 - Start completed.
2026-04-22T11:28:54.559+07:00  WARN 3848 --- [main] org.hibernate.orm.deprecation            : HHH90000025: MySQLDialect does not need to be specified explicitly using 'hibernate.dialect' (remove the property setting and it will be selected by default)
2026-04-22T11:28:54.602+07:00  INFO 3848 --- [main] org.hibernate.orm.connections.pooling    : HHH10001005: Database info:
	Database JDBC URL [jdbc:mysql://localhost:3306/db_absensi?useSSL=false&serverTimezone=Asia/Jakarta&allowPublicKeyRetrieval=true]
	Database driver: MySQL Connector/J
	Database dialect: MySQLDialect
	Database version: 8.0.30
	Default catalog/schema: db_absensi/undefined
	Autocommit mode: undefined/unknown
	Isolation level: REPEATABLE_READ [default REPEATABLE_READ]
	JDBC fetch size: none
	Pool: DataSourceConnectionProvider
	Minimum pool size: undefined/unknown
	Maximum pool size: undefined/unknown
2026-04-22T11:28:57.799+07:00  INFO 3848 --- [main] org.hibernate.orm.core                   : HHH000489: No JTA platform available (set 'hibernate.transaction.jta.platform' to enable JTA platform integration)
2026-04-22T11:28:58.138+07:00 DEBUG 3848 --- [main] org.hibernate.SQL                        : alter table shifts add constraint fk_user_id FOREIGN KEY (user_id) REFERENCES users(id) ON DELETE CASCADE
2026-04-22T11:28:58.214+07:00  WARN 3848 --- [main] o.h.t.s.i.ExceptionHandlerLoggedImpl     : GenerationTarget encountered exception accepting command : Error executing DDL "alter table shifts add constraint fk_user_id FOREIGN KEY (user_id) REFERENCES users(id) ON DELETE CASCADE" via JDBC [Duplicate foreign key constraint name 'fk_user_id']

org.hibernate.tool.schema.spi.CommandAcceptanceException: Error executing DDL "alter table shifts add constraint fk_user_id FOREIGN KEY (user_id) REFERENCES users(id) ON DELETE CASCADE" via JDBC [Duplicate foreign key constraint name 'fk_user_id']
	at org.hibernate.tool.schema.internal.exec.GenerationTargetToDatabase.accept(GenerationTargetToDatabase.java:81) ~[hibernate-core-7.2.4.Final.jar:7.2.4.Final]
	at org.hibernate.tool.schema.internal.AbstractSchemaMigrator.applySqlString(AbstractSchemaMigrator.java:566) ~[hibernate-core-7.2.4.Final.jar:7.2.4.Final]
	at org.hibernate.tool.schema.internal.AbstractSchemaMigrator.applySqlStrings(AbstractSchemaMigrator.java:506) ~[hibernate-core-7.2.4.Final.jar:7.2.4.Final]
	at org.hibernate.tool.schema.internal.AbstractSchemaMigrator.applyForeignKeys(AbstractSchemaMigrator.java:438) ~[hibernate-core-7.2.4.Final.jar:7.2.4.Final]
	at org.hibernate.tool.schema.internal.AbstractSchemaMigrator.performMigration(AbstractSchemaMigrator.java:256) ~[hibernate-core-7.2.4.Final.jar:7.2.4.Final]
	at org.hibernate.tool.schema.internal.AbstractSchemaMigrator.doMigration(AbstractSchemaMigrator.java:96) ~[hibernate-core-7.2.4.Final.jar:7.2.4.Final]
	at org.hibernate.tool.schema.spi.SchemaManagementToolCoordinator.performDatabaseAction(SchemaManagementToolCoordinator.java:269) ~[hibernate-core-7.2.4.Final.jar:7.2.4.Final]
	at org.hibernate.tool.schema.spi.SchemaManagementToolCoordinator.lambda$process$1(SchemaManagementToolCoordinator.java:101) ~[hibernate-core-7.2.4.Final.jar:7.2.4.Final]
	at java.base/java.util.HashMap.forEach(HashMap.java:1430) ~[na:na]
	at org.hibernate.tool.schema.spi.SchemaManagementToolCoordinator.process(SchemaManagementToolCoordinator.java:100) ~[hibernate-core-7.2.4.Final.jar:7.2.4.Final]
	at org.hibernate.boot.internal.SessionFactoryObserverForSchemaExport.sessionFactoryCreated(SessionFactoryObserverForSchemaExport.java:35) ~[hibernate-core-7.2.4.Final.jar:7.2.4.Final]
	at org.hibernate.internal.SessionFactoryObserverChain.sessionFactoryCreated(SessionFactoryObserverChain.java:33) ~[hibernate-core-7.2.4.Final.jar:7.2.4.Final]
	at org.hibernate.internal.SessionFactoryImpl.<init>(SessionFactoryImpl.java:323) ~[hibernate-core-7.2.4.Final.jar:7.2.4.Final]
	at org.hibernate.internal.SessionFactoryRegistry.instantiateSessionFactory(SessionFactoryRegistry.java:64) ~[hibernate-core-7.2.4.Final.jar:7.2.4.Final]
	at org.hibernate.boot.internal.SessionFactoryBuilderImpl.build(SessionFactoryBuilderImpl.java:437) ~[hibernate-core-7.2.4.Final.jar:7.2.4.Final]
	at org.hibernate.jpa.boot.internal.EntityManagerFactoryBuilderImpl.build(EntityManagerFactoryBuilderImpl.java:1456) ~[hibernate-core-7.2.4.Final.jar:7.2.4.Final]
	at org.springframework.orm.jpa.vendor.SpringHibernateJpaPersistenceProvider.createContainerEntityManagerFactory(SpringHibernateJpaPersistenceProvider.java:93) ~[spring-orm-7.0.5.jar:7.0.5]
	at org.springframework.orm.jpa.LocalContainerEntityManagerFactoryBean.createNativeEntityManagerFactory(LocalContainerEntityManagerFactoryBean.java:443) ~[spring-orm-7.0.5.jar:7.0.5]
	at org.springframework.orm.jpa.AbstractEntityManagerFactoryBean.buildNativeEntityManagerFactory(AbstractEntityManagerFactoryBean.java:436) ~[spring-orm-7.0.5.jar:7.0.5]
	at org.springframework.orm.jpa.AbstractEntityManagerFactoryBean.afterPropertiesSet(AbstractEntityManagerFactoryBean.java:411) ~[spring-orm-7.0.5.jar:7.0.5]
	at org.springframework.orm.jpa.LocalContainerEntityManagerFactoryBean.afterPropertiesSet(LocalContainerEntityManagerFactoryBean.java:419) ~[spring-orm-7.0.5.jar:7.0.5]
	at org.springframework.beans.factory.support.AbstractAutowireCapableBeanFactory.invokeInitMethods(AbstractAutowireCapableBeanFactory.java:1864) ~[spring-beans-7.0.5.jar:7.0.5]
	at org.springframework.beans.factory.support.AbstractAutowireCapableBeanFactory.initializeBean(AbstractAutowireCapableBeanFactory.java:1813) ~[spring-beans-7.0.5.jar:7.0.5]
	at org.springframework.beans.factory.support.AbstractAutowireCapableBeanFactory.doCreateBean(AbstractAutowireCapableBeanFactory.java:603) ~[spring-beans-7.0.5.jar:7.0.5]
	at org.springframework.beans.factory.support.AbstractAutowireCapableBeanFactory.createBean(AbstractAutowireCapableBeanFactory.java:525) ~[spring-beans-7.0.5.jar:7.0.5]
	at org.springframework.beans.factory.support.AbstractBeanFactory.lambda$doGetBean$0(AbstractBeanFactory.java:333) ~[spring-beans-7.0.5.jar:7.0.5]
	at org.springframework.beans.factory.support.DefaultSingletonBeanRegistry.getSingleton(DefaultSingletonBeanRegistry.java:371) ~[spring-beans-7.0.5.jar:7.0.5]
	at org.springframework.beans.factory.support.AbstractBeanFactory.doGetBean(AbstractBeanFactory.java:331) ~[spring-beans-7.0.5.jar:7.0.5]
	at org.springframework.beans.factory.support.AbstractBeanFactory.getBean(AbstractBeanFactory.java:196) ~[spring-beans-7.0.5.jar:7.0.5]
	at org.springframework.beans.factory.support.BeanDefinitionValueResolver.resolveReference(BeanDefinitionValueResolver.java:365) ~[spring-beans-7.0.5.jar:7.0.5]
	at org.springframework.beans.factory.support.BeanDefinitionValueResolver.resolveValueIfNecessary(BeanDefinitionValueResolver.java:135) ~[spring-beans-7.0.5.jar:7.0.5]
	at org.springframework.beans.factory.support.ConstructorResolver.resolveConstructorArguments(ConstructorResolver.java:691) ~[spring-beans-7.0.5.jar:7.0.5]
	at org.springframework.beans.factory.support.ConstructorResolver.instantiateUsingFactoryMethod(ConstructorResolver.java:513) ~[spring-beans-7.0.5.jar:7.0.5]
	at org.springframework.beans.factory.support.AbstractAutowireCapableBeanFactory.instantiateUsingFactoryMethod(AbstractAutowireCapableBeanFactory.java:1362) ~[spring-beans-7.0.5.jar:7.0.5]
	at org.springframework.beans.factory.support.AbstractAutowireCapableBeanFactory.createBeanInstance(AbstractAutowireCapableBeanFactory.java:1194) ~[spring-beans-7.0.5.jar:7.0.5]
	at org.springframework.beans.factory.support.AbstractAutowireCapableBeanFactory.doCreateBean(AbstractAutowireCapableBeanFactory.java:565) ~[spring-beans-7.0.5.jar:7.0.5]
	at org.springframework.beans.factory.support.AbstractAutowireCapableBeanFactory.createBean(AbstractAutowireCapableBeanFactory.java:525) ~[spring-beans-7.0.5.jar:7.0.5]
	at org.springframework.beans.factory.support.AbstractBeanFactory.lambda$doGetBean$0(AbstractBeanFactory.java:333) ~[spring-beans-7.0.5.jar:7.0.5]
	at org.springframework.beans.factory.support.DefaultSingletonBeanRegistry.getSingleton(DefaultSingletonBeanRegistry.java:371) ~[spring-beans-7.0.5.jar:7.0.5]
	at org.springframework.beans.factory.support.AbstractBeanFactory.doGetBean(AbstractBeanFactory.java:331) ~[spring-beans-7.0.5.jar:7.0.5]
	at org.springframework.beans.factory.support.AbstractBeanFactory.getBean(AbstractBeanFactory.java:201) ~[spring-beans-7.0.5.jar:7.0.5]
	at org.springframework.beans.factory.support.BeanDefinitionValueResolver.resolveReference(BeanDefinitionValueResolver.java:356) ~[spring-beans-7.0.5.jar:7.0.5]
	at org.springframework.beans.factory.support.BeanDefinitionValueResolver.resolveValueIfNecessary(BeanDefinitionValueResolver.java:135) ~[spring-beans-7.0.5.jar:7.0.5]
	at org.springframework.beans.factory.support.AbstractAutowireCapableBeanFactory.applyPropertyValues(AbstractAutowireCapableBeanFactory.java:1712) ~[spring-beans-7.0.5.jar:7.0.5]
	at org.springframework.beans.factory.support.AbstractAutowireCapableBeanFactory.populateBean(AbstractAutowireCapableBeanFactory.java:1461) ~[spring-beans-7.0.5.jar:7.0.5]
	at org.springframework.beans.factory.support.AbstractAutowireCapableBeanFactory.doCreateBean(AbstractAutowireCapableBeanFactory.java:602) ~[spring-beans-7.0.5.jar:7.0.5]
	at org.springframework.beans.factory.support.AbstractAutowireCapableBeanFactory.createBean(AbstractAutowireCapableBeanFactory.java:525) ~[spring-beans-7.0.5.jar:7.0.5]
	at org.springframework.beans.factory.support.AbstractBeanFactory.lambda$doGetBean$0(AbstractBeanFactory.java:333) ~[spring-beans-7.0.5.jar:7.0.5]
	at org.springframework.beans.factory.support.DefaultSingletonBeanRegistry.getSingleton(DefaultSingletonBeanRegistry.java:371) ~[spring-beans-7.0.5.jar:7.0.5]
	at org.springframework.beans.factory.support.AbstractBeanFactory.doGetBean(AbstractBeanFactory.java:331) ~[spring-beans-7.0.5.jar:7.0.5]
	at org.springframework.beans.factory.support.AbstractBeanFactory.getBean(AbstractBeanFactory.java:201) ~[spring-beans-7.0.5.jar:7.0.5]
	at org.springframework.beans.factory.support.DefaultListableBeanFactory.resolveBean(DefaultListableBeanFactory.java:1225) ~[spring-beans-7.0.5.jar:7.0.5]
	at org.springframework.beans.factory.support.DefaultListableBeanFactory.doResolveDependency(DefaultListableBeanFactory.java:1704) ~[spring-beans-7.0.5.jar:7.0.5]
	at org.springframework.beans.factory.support.DefaultListableBeanFactory.resolveDependency(DefaultListableBeanFactory.java:1651) ~[spring-beans-7.0.5.jar:7.0.5]
	at org.springframework.beans.factory.support.ConstructorResolver.resolveAutowiredArgument(ConstructorResolver.java:912) ~[spring-beans-7.0.5.jar:7.0.5]
	at org.springframework.beans.factory.support.ConstructorResolver.createArgumentArray(ConstructorResolver.java:791) ~[spring-beans-7.0.5.jar:7.0.5]
	at org.springframework.beans.factory.support.ConstructorResolver.autowireConstructor(ConstructorResolver.java:240) ~[spring-beans-7.0.5.jar:7.0.5]
	at org.springframework.beans.factory.support.AbstractAutowireCapableBeanFactory.autowireConstructor(AbstractAutowireCapableBeanFactory.java:1382) ~[spring-beans-7.0.5.jar:7.0.5]
	at org.springframework.beans.factory.support.AbstractAutowireCapableBeanFactory.createBeanInstance(AbstractAutowireCapableBeanFactory.java:1221) ~[spring-beans-7.0.5.jar:7.0.5]
	at org.springframework.beans.factory.support.AbstractAutowireCapableBeanFactory.doCreateBean(AbstractAutowireCapableBeanFactory.java:565) ~[spring-beans-7.0.5.jar:7.0.5]
	at org.springframework.beans.factory.support.AbstractAutowireCapableBeanFactory.createBean(AbstractAutowireCapableBeanFactory.java:525) ~[spring-beans-7.0.5.jar:7.0.5]
	at org.springframework.beans.factory.support.AbstractBeanFactory.lambda$doGetBean$0(AbstractBeanFactory.java:333) ~[spring-beans-7.0.5.jar:7.0.5]
	at org.springframework.beans.factory.support.DefaultSingletonBeanRegistry.getSingleton(DefaultSingletonBeanRegistry.java:371) ~[spring-beans-7.0.5.jar:7.0.5]
	at org.springframework.beans.factory.support.AbstractBeanFactory.doGetBean(AbstractBeanFactory.java:331) ~[spring-beans-7.0.5.jar:7.0.5]
	at org.springframework.beans.factory.support.AbstractBeanFactory.getBean(AbstractBeanFactory.java:201) ~[spring-beans-7.0.5.jar:7.0.5]
	at org.springframework.boot.web.servlet.ServletContextInitializerBeans.getOrderedBeansOfType(ServletContextInitializerBeans.java:231) ~[spring-boot-4.0.3.jar:4.0.3]
	at org.springframework.boot.web.servlet.ServletContextInitializerBeans.addAsRegistrationBean(ServletContextInitializerBeans.java:185) ~[spring-boot-4.0.3.jar:4.0.3]
	at org.springframework.boot.web.servlet.ServletContextInitializerBeans.addAsRegistrationBean(ServletContextInitializerBeans.java:180) ~[spring-boot-4.0.3.jar:4.0.3]
	at org.springframework.boot.web.servlet.ServletContextInitializerBeans.addAdaptableBeans(ServletContextInitializerBeans.java:165) ~[spring-boot-4.0.3.jar:4.0.3]
	at org.springframework.boot.web.servlet.ServletContextInitializerBeans.<init>(ServletContextInitializerBeans.java:97) ~[spring-boot-4.0.3.jar:4.0.3]
	at org.springframework.boot.web.context.servlet.WebApplicationContextInitializer.initialize(WebApplicationContextInitializer.java:53) ~[spring-boot-4.0.3.jar:4.0.3]
	at org.springframework.boot.tomcat.servlet.DeferredServletContainerInitializers.onStartup(DeferredServletContainerInitializers.java:55) ~[spring-boot-tomcat-4.0.3.jar:4.0.3]
	at org.apache.catalina.core.StandardContext.startInternal(StandardContext.java:4416) ~[tomcat-embed-core-11.0.18.jar:11.0.18]
	at org.apache.catalina.util.LifecycleBase.start(LifecycleBase.java:164) ~[tomcat-embed-core-11.0.18.jar:11.0.18]
	at org.apache.catalina.core.ContainerBase$StartChild.call(ContainerBase.java:1162) ~[tomcat-embed-core-11.0.18.jar:11.0.18]
	at org.apache.catalina.core.ContainerBase$StartChild.call(ContainerBase.java:1158) ~[tomcat-embed-core-11.0.18.jar:11.0.18]
	at java.base/java.util.concurrent.FutureTask.run(FutureTask.java:328) ~[na:na]
	at org.apache.tomcat.util.threads.InlineExecutorService.execute(InlineExecutorService.java:81) ~[tomcat-embed-core-11.0.18.jar:11.0.18]
	at java.base/java.util.concurrent.AbstractExecutorService.submit(AbstractExecutorService.java:149) ~[na:na]
	at org.apache.catalina.core.ContainerBase.startInternal(ContainerBase.java:714) ~[tomcat-embed-core-11.0.18.jar:11.0.18]
	at org.apache.catalina.core.StandardHost.startInternal(StandardHost.java:780) ~[tomcat-embed-core-11.0.18.jar:11.0.18]
	at org.apache.catalina.util.LifecycleBase.start(LifecycleBase.java:164) ~[tomcat-embed-core-11.0.18.jar:11.0.18]
	at org.apache.catalina.core.ContainerBase$StartChild.call(ContainerBase.java:1162) ~[tomcat-embed-core-11.0.18.jar:11.0.18]
	at org.apache.catalina.core.ContainerBase$StartChild.call(ContainerBase.java:1158) ~[tomcat-embed-core-11.0.18.jar:11.0.18]
	at java.base/java.util.concurrent.FutureTask.run(FutureTask.java:328) ~[na:na]
	at org.apache.tomcat.util.threads.InlineExecutorService.execute(InlineExecutorService.java:81) ~[tomcat-embed-core-11.0.18.jar:11.0.18]
	at java.base/java.util.concurrent.AbstractExecutorService.submit(AbstractExecutorService.java:149) ~[na:na]
	at org.apache.catalina.core.ContainerBase.startInternal(ContainerBase.java:714) ~[tomcat-embed-core-11.0.18.jar:11.0.18]
	at org.apache.catalina.core.StandardEngine.startInternal(StandardEngine.java:201) ~[tomcat-embed-core-11.0.18.jar:11.0.18]
	at org.apache.catalina.util.LifecycleBase.start(LifecycleBase.java:164) ~[tomcat-embed-core-11.0.18.jar:11.0.18]
	at org.apache.catalina.core.StandardService.startInternal(StandardService.java:410) ~[tomcat-embed-core-11.0.18.jar:11.0.18]
	at org.apache.catalina.util.LifecycleBase.start(LifecycleBase.java:164) ~[tomcat-embed-core-11.0.18.jar:11.0.18]
	at org.apache.catalina.core.StandardServer.startInternal(StandardServer.java:864) ~[tomcat-embed-core-11.0.18.jar:11.0.18]
	at org.apache.catalina.util.LifecycleBase.start(LifecycleBase.java:164) ~[tomcat-embed-core-11.0.18.jar:11.0.18]
	at org.apache.catalina.startup.Tomcat.start(Tomcat.java:435) ~[tomcat-embed-core-11.0.18.jar:11.0.18]
	at org.springframework.boot.tomcat.TomcatWebServer.initialize(TomcatWebServer.java:131) ~[spring-boot-tomcat-4.0.3.jar:4.0.3]
	at org.springframework.boot.tomcat.TomcatWebServer.<init>(TomcatWebServer.java:110) ~[spring-boot-tomcat-4.0.3.jar:4.0.3]
	at org.springframework.boot.tomcat.servlet.TomcatServletWebServerFactory.getTomcatWebServer(TomcatServletWebServerFactory.java:408) ~[spring-boot-tomcat-4.0.3.jar:4.0.3]
	at org.springframework.boot.tomcat.servlet.TomcatServletWebServerFactory.getWebServer(TomcatServletWebServerFactory.java:166) ~[spring-boot-tomcat-4.0.3.jar:4.0.3]
	at org.springframework.boot.web.server.servlet.context.ServletWebServerApplicationContext.createWebServer(ServletWebServerApplicationContext.java:190) ~[spring-boot-web-server-4.0.3.jar:4.0.3]
	at org.springframework.boot.web.server.servlet.context.ServletWebServerApplicationContext.onRefresh(ServletWebServerApplicationContext.java:164) ~[spring-boot-web-server-4.0.3.jar:4.0.3]
	at org.springframework.context.support.AbstractApplicationContext.refresh(AbstractApplicationContext.java:615) ~[spring-context-7.0.5.jar:7.0.5]
	at org.springframework.boot.web.server.servlet.context.ServletWebServerApplicationContext.refresh(ServletWebServerApplicationContext.java:143) ~[spring-boot-web-server-4.0.3.jar:4.0.3]
	at org.springframework.boot.SpringApplication.refresh(SpringApplication.java:756) ~[spring-boot-4.0.3.jar:4.0.3]
	at org.springframework.boot.SpringApplication.refreshContext(SpringApplication.java:445) ~[spring-boot-4.0.3.jar:4.0.3]
	at org.springframework.boot.SpringApplication.run(SpringApplication.java:321) ~[spring-boot-4.0.3.jar:4.0.3]
	at org.springframework.boot.SpringApplication.run(SpringApplication.java:1365) ~[spring-boot-4.0.3.jar:4.0.3]
	at org.springframework.boot.SpringApplication.run(SpringApplication.java:1354) ~[spring-boot-4.0.3.jar:4.0.3]
	at com.absensi.absensiv2.Absensiv2Application.main(Absensiv2Application.java:10) ~[classes/:na]
Caused by: java.sql.SQLException: Duplicate foreign key constraint name 'fk_user_id'
	at com.mysql.cj.jdbc.exceptions.SQLError.createSQLException(SQLError.java:121) ~[mysql-connector-j-9.6.0.jar:9.6.0]
	at com.mysql.cj.jdbc.exceptions.SQLExceptionsMapping.translateException(SQLExceptionsMapping.java:114) ~[mysql-connector-j-9.6.0.jar:9.6.0]
	at com.mysql.cj.jdbc.StatementImpl.executeInternal(StatementImpl.java:839) ~[mysql-connector-j-9.6.0.jar:9.6.0]
	at com.mysql.cj.jdbc.StatementImpl.execute(StatementImpl.java:687) ~[mysql-connector-j-9.6.0.jar:9.6.0]
	at com.zaxxer.hikari.pool.ProxyStatement.execute(ProxyStatement.java:95) ~[HikariCP-7.0.2.jar:na]
	at com.zaxxer.hikari.pool.HikariProxyStatement.execute(HikariProxyStatement.java) ~[HikariCP-7.0.2.jar:na]
	at org.hibernate.tool.schema.internal.exec.GenerationTargetToDatabase.accept(GenerationTargetToDatabase.java:76) ~[hibernate-core-7.2.4.Final.jar:7.2.4.Final]
	... 108 common frames omitted

2026-04-22T11:28:58.232+07:00  INFO 3848 --- [main] j.LocalContainerEntityManagerFactoryBean : Initialized JPA EntityManagerFactory for persistence unit 'default'
2026-04-22T11:28:58.501+07:00  INFO 3848 --- [main] o.s.d.j.r.query.QueryEnhancerFactories   : Hibernate is in classpath; If applicable, HQL parser will be used.
2026-04-22T11:28:59.397+07:00 DEBUG 3848 --- [main] o.springframework.web.filter.CorsFilter  : Filter 'corsFilter' configured for use
2026-04-22T11:29:02.293+07:00  WARN 3848 --- [main] JpaBaseConfiguration$JpaWebConfiguration : spring.jpa.open-in-view is enabled by default. Therefore, database queries may be performed during view rendering. Explicitly configure spring.jpa.open-in-view to disable this warning
2026-04-22T11:29:02.477+07:00  INFO 3848 --- [main] r$InitializeUserDetailsManagerConfigurer : Global AuthenticationManager configured with UserDetailsService bean with name customUserDetailService
2026-04-22T11:29:02.987+07:00 DEBUG 3848 --- [main] s.w.s.m.m.a.RequestMappingHandlerMapping : 45 mappings in 'requestMappingHandlerMapping'
2026-04-22T11:29:03.036+07:00 DEBUG 3848 --- [main] o.s.w.s.handler.SimpleUrlHandlerMapping  : Patterns [/webjars/**, /**, /profile/**, /absensi/**] in 'resourceHandlerMapping'
2026-04-22T11:29:03.092+07:00 DEBUG 3848 --- [main] s.w.s.m.m.a.RequestMappingHandlerAdapter : ControllerAdvice beans: 0 @ModelAttribute, 0 @InitBinder, 2 RequestBodyAdvice, 1 ResponseBodyAdvice
2026-04-22T11:29:03.171+07:00 DEBUG 3848 --- [main] .m.m.a.ExceptionHandlerExceptionResolver : ControllerAdvice beans: 1 @ExceptionHandler, 1 ResponseBodyAdvice
2026-04-22T11:29:03.332+07:00  INFO 3848 --- [main] o.s.boot.tomcat.TomcatWebServer          : Tomcat started on port 8080 (http) with context path '/'
2026-04-22T11:29:03.340+07:00  INFO 3848 --- [main] c.a.absensiv2.Absensiv2Application       : Started Absensiv2Application in 16.212 seconds (process running for 18.208)
2026-04-22T11:29:03.834+07:00  INFO 3848 --- [http-nio-8080-exec-1] o.a.c.c.C.[Tomcat].[localhost].[/]       : Initializing Spring DispatcherServlet 'dispatcherServlet'
2026-04-22T11:29:03.835+07:00  INFO 3848 --- [http-nio-8080-exec-1] o.s.web.servlet.DispatcherServlet        : Initializing Servlet 'dispatcherServlet'
2026-04-22T11:29:03.835+07:00 DEBUG 3848 --- [http-nio-8080-exec-1] o.s.web.servlet.DispatcherServlet        : Detected StandardServletMultipartResolver
2026-04-22T11:29:03.836+07:00 DEBUG 3848 --- [http-nio-8080-exec-1] o.s.web.servlet.DispatcherServlet        : Detected AcceptHeaderLocaleResolver
2026-04-22T11:29:03.838+07:00 DEBUG 3848 --- [http-nio-8080-exec-1] o.s.web.servlet.DispatcherServlet        : Detected org.springframework.web.servlet.view.DefaultRequestToViewNameTranslator@627dcd12
2026-04-22T11:29:03.839+07:00 DEBUG 3848 --- [http-nio-8080-exec-1] o.s.web.servlet.DispatcherServlet        : Detected org.springframework.web.servlet.support.SessionFlashMapManager@7d9d4205
2026-04-22T11:29:03.840+07:00 DEBUG 3848 --- [http-nio-8080-exec-1] o.s.web.servlet.DispatcherServlet        : enableLoggingRequestDetails='false': request parameters and headers will be masked to prevent unsafe logging of potentially sensitive data
2026-04-22T11:29:03.841+07:00  INFO 3848 --- [http-nio-8080-exec-1] o.s.web.servlet.DispatcherServlet        : Completed initialization in 5 ms
2026-04-22T11:29:37.272+07:00 DEBUG 3848 --- [http-nio-8080-exec-10] o.s.web.servlet.DispatcherServlet        : POST "/api/v1/auth/login", parameters={}
2026-04-22T11:29:37.284+07:00 DEBUG 3848 --- [http-nio-8080-exec-10] s.w.s.m.m.a.RequestMappingHandlerMapping : Mapped to com.absensi.absensiv2.controllers.AuthController#login(LoginRequest, HttpServletRequest)
2026-04-22T11:29:37.382+07:00 DEBUG 3848 --- [http-nio-8080-exec-10] m.m.a.RequestResponseBodyMethodProcessor : Read "application/json;charset=UTF-8" to [LoginRequest(email=usam.muhazir.2505336@students.um.ac.id, password=hajir12345)]
2026-04-22T11:29:37.974+07:00 DEBUG 3848 --- [http-nio-8080-exec-10] org.hibernate.SQL                        : select u1_0.id,u1_0.created_at,u1_0.divisi_id,u1_0.email,u1_0.foto,u1_0.is_verify,u1_0.mentor_id,u1_0.nim,u1_0.password,u1_0.role_id,u1_0.updated_at,u1_0.username from users u1_0 where u1_0.email=?
2026-04-22T11:29:38.144+07:00 DEBUG 3848 --- [http-nio-8080-exec-10] org.hibernate.SQL                        : select d1_0.id,d1_0.created_at,d1_0.nama,d1_0.updated_at from divisis d1_0 where d1_0.id=?
2026-04-22T11:29:38.178+07:00 DEBUG 3848 --- [http-nio-8080-exec-10] org.hibernate.SQL                        : select u1_0.id,u1_0.created_at,d1_0.id,d1_0.created_at,d1_0.nama,d1_0.updated_at,u1_0.email,u1_0.foto,u1_0.is_verify,m1_0.id,m1_0.created_at,d2_0.id,d2_0.created_at,d2_0.nama,d2_0.updated_at,m1_0.email,m1_0.foto,m1_0.is_verify,m1_0.mentor_id,m1_0.nim,m1_0.password,r1_0.id,r1_0.created_at,r1_0.nama,r1_0.updated_at,m1_0.updated_at,m1_0.username,u1_0.nim,u1_0.password,r2_0.id,r2_0.created_at,r2_0.nama,r2_0.updated_at,u1_0.updated_at,u1_0.username from users u1_0 left join divisis d1_0 on d1_0.id=u1_0.divisi_id left join users m1_0 on m1_0.id=u1_0.mentor_id left join divisis d2_0 on d2_0.id=m1_0.divisi_id left join roles r1_0 on r1_0.id=m1_0.role_id left join roles r2_0 on r2_0.id=u1_0.role_id where u1_0.id=?
2026-04-22T11:29:38.199+07:00 DEBUG 3848 --- [http-nio-8080-exec-10] org.hibernate.SQL                        : select r1_0.id,r1_0.created_at,r1_0.nama,r1_0.updated_at from roles r1_0 where r1_0.id=?
2026-04-22T11:29:38.748+07:00 DEBUG 3848 --- [http-nio-8080-exec-10] o.s.w.s.m.m.a.HttpEntityMethodProcessor  : Using 'application/json', given [application/json, text/plain, */*] and supported [application/json, application/*+json]
2026-04-22T11:29:38.757+07:00 DEBUG 3848 --- [http-nio-8080-exec-10] o.s.w.s.m.m.a.HttpEntityMethodProcessor  : Writing [{message=, accessToken=eyJhbGciOiJIUzM4NCJ9.eyJzdWIiOiJ1c2FtLm11aGF6aXIuMjUwNTMzNkBzdHVkZW50cy51bS5h (truncated)...]
2026-04-22T11:29:38.828+07:00 DEBUG 3848 --- [http-nio-8080-exec-10] o.s.web.servlet.DispatcherServlet        : Completed 200 OK
2026-04-22T11:29:39.257+07:00 DEBUG 3848 --- [http-nio-8080-exec-3] org.hibernate.SQL                        : select u1_0.id,u1_0.created_at,d1_0.id,d1_0.created_at,d1_0.nama,d1_0.updated_at,u1_0.email,u1_0.foto,u1_0.is_verify,m1_0.id,m1_0.created_at,d2_0.id,d2_0.created_at,d2_0.nama,d2_0.updated_at,m1_0.email,m1_0.foto,m1_0.is_verify,m1_0.mentor_id,m1_0.nim,m1_0.password,r1_0.id,r1_0.created_at,r1_0.nama,r1_0.updated_at,m1_0.updated_at,m1_0.username,u1_0.nim,u1_0.password,r2_0.id,r2_0.created_at,r2_0.nama,r2_0.updated_at,u1_0.updated_at,u1_0.username from users u1_0 left join divisis d1_0 on d1_0.id=u1_0.divisi_id left join users m1_0 on m1_0.id=u1_0.mentor_id left join divisis d2_0 on d2_0.id=m1_0.divisi_id left join roles r1_0 on r1_0.id=m1_0.role_id left join roles r2_0 on r2_0.id=u1_0.role_id where u1_0.id=?
2026-04-22T11:29:39.269+07:00 DEBUG 3848 --- [http-nio-8080-exec-3] o.s.web.servlet.DispatcherServlet        : GET "/api/v1/absensis/isPrivate/false?page=0&size=10", parameters={masked}
2026-04-22T11:29:39.272+07:00 DEBUG 3848 --- [http-nio-8080-exec-3] s.w.s.m.m.a.RequestMappingHandlerMapping : Mapped to com.absensi.absensiv2.controllers.AbsensiController#getAbsensiByIsPrivate(String, int, int, String)
2026-04-22T11:29:39.307+07:00 DEBUG 3848 --- [http-nio-8080-exec-3] org.hibernate.SQL                        : select a1_0.id,a1_0.alasan_approval,a1_0.approval,a1_0.created_at,a1_0.foto,a1_0.is_private,a1_0.jenis,a1_0.keterangan,a1_0.shift_id,a1_0.status,a1_0.tanggal,a1_0.updated_at,a1_0.user_id from absensis a1_0 where a1_0.is_private=? order by a1_0.created_at desc limit ?
2026-04-22T11:29:39.331+07:00 DEBUG 3848 --- [http-nio-8080-exec-3] org.hibernate.SQL                        : select s1_0.id,s1_0.akhir,s1_0.created_at,h1_0.id,h1_0.created_at,h1_0.nama,h1_0.updated_at,s1_0.mulai,s1_0.toleransi_menit,s1_0.updated_at,u1_0.id,u1_0.created_at,d1_0.id,d1_0.created_at,d1_0.nama,d1_0.updated_at,u1_0.email,u1_0.foto,u1_0.is_verify,m1_0.id,m1_0.created_at,m1_0.divisi_id,m1_0.email,m1_0.foto,m1_0.is_verify,m1_0.mentor_id,m1_0.nim,m1_0.password,m1_0.role_id,m1_0.updated_at,m1_0.username,u1_0.nim,u1_0.password,r2_0.id,r2_0.created_at,r2_0.nama,r2_0.updated_at,u1_0.updated_at,u1_0.username from shifts s1_0 left join haris h1_0 on h1_0.id=s1_0.hari_id left join users u1_0 on u1_0.id=s1_0.user_id left join divisis d1_0 on d1_0.id=u1_0.divisi_id left join users m1_0 on m1_0.id=u1_0.mentor_id left join roles r2_0 on r2_0.id=u1_0.role_id where s1_0.id=?
2026-04-22T11:29:39.347+07:00 DEBUG 3848 --- [http-nio-8080-exec-3] org.hibernate.SQL                        : select r1_0.id,r1_0.created_at,r1_0.nama,r1_0.updated_at from roles r1_0 where r1_0.id=?
2026-04-22T11:29:39.357+07:00 DEBUG 3848 --- [http-nio-8080-exec-3] org.hibernate.SQL                        : select s1_0.id,s1_0.akhir,s1_0.created_at,h1_0.id,h1_0.created_at,h1_0.nama,h1_0.updated_at,s1_0.mulai,s1_0.toleransi_menit,s1_0.updated_at,u1_0.id,u1_0.created_at,d1_0.id,d1_0.created_at,d1_0.nama,d1_0.updated_at,u1_0.email,u1_0.foto,u1_0.is_verify,m1_0.id,m1_0.created_at,m1_0.divisi_id,m1_0.email,m1_0.foto,m1_0.is_verify,m1_0.mentor_id,m1_0.nim,m1_0.password,m1_0.role_id,m1_0.updated_at,m1_0.username,u1_0.nim,u1_0.password,r2_0.id,r2_0.created_at,r2_0.nama,r2_0.updated_at,u1_0.updated_at,u1_0.username from shifts s1_0 left join haris h1_0 on h1_0.id=s1_0.hari_id left join users u1_0 on u1_0.id=s1_0.user_id left join divisis d1_0 on d1_0.id=u1_0.divisi_id left join users m1_0 on m1_0.id=u1_0.mentor_id left join roles r2_0 on r2_0.id=u1_0.role_id where s1_0.id=?
2026-04-22T11:29:39.365+07:00 DEBUG 3848 --- [http-nio-8080-exec-3] org.hibernate.SQL                        : select s1_0.id,s1_0.akhir,s1_0.created_at,h1_0.id,h1_0.created_at,h1_0.nama,h1_0.updated_at,s1_0.mulai,s1_0.toleransi_menit,s1_0.updated_at,u1_0.id,u1_0.created_at,d1_0.id,d1_0.created_at,d1_0.nama,d1_0.updated_at,u1_0.email,u1_0.foto,u1_0.is_verify,m1_0.id,m1_0.created_at,m1_0.divisi_id,m1_0.email,m1_0.foto,m1_0.is_verify,m1_0.mentor_id,m1_0.nim,m1_0.password,m1_0.role_id,m1_0.updated_at,m1_0.username,u1_0.nim,u1_0.password,r2_0.id,r2_0.created_at,r2_0.nama,r2_0.updated_at,u1_0.updated_at,u1_0.username from shifts s1_0 left join haris h1_0 on h1_0.id=s1_0.hari_id left join users u1_0 on u1_0.id=s1_0.user_id left join divisis d1_0 on d1_0.id=u1_0.divisi_id left join users m1_0 on m1_0.id=u1_0.mentor_id left join roles r2_0 on r2_0.id=u1_0.role_id where s1_0.id=?
2026-04-22T11:29:39.371+07:00 DEBUG 3848 --- [http-nio-8080-exec-3] org.hibernate.SQL                        : select s1_0.id,s1_0.akhir,s1_0.created_at,h1_0.id,h1_0.created_at,h1_0.nama,h1_0.updated_at,s1_0.mulai,s1_0.toleransi_menit,s1_0.updated_at,u1_0.id,u1_0.created_at,d1_0.id,d1_0.created_at,d1_0.nama,d1_0.updated_at,u1_0.email,u1_0.foto,u1_0.is_verify,m1_0.id,m1_0.created_at,m1_0.divisi_id,m1_0.email,m1_0.foto,m1_0.is_verify,m1_0.mentor_id,m1_0.nim,m1_0.password,m1_0.role_id,m1_0.updated_at,m1_0.username,u1_0.nim,u1_0.password,r2_0.id,r2_0.created_at,r2_0.nama,r2_0.updated_at,u1_0.updated_at,u1_0.username from shifts s1_0 left join haris h1_0 on h1_0.id=s1_0.hari_id left join users u1_0 on u1_0.id=s1_0.user_id left join divisis d1_0 on d1_0.id=u1_0.divisi_id left join users m1_0 on m1_0.id=u1_0.mentor_id left join roles r2_0 on r2_0.id=u1_0.role_id where s1_0.id=?
2026-04-22T11:29:39.377+07:00 DEBUG 3848 --- [http-nio-8080-exec-3] org.hibernate.SQL                        : select s1_0.id,s1_0.akhir,s1_0.created_at,h1_0.id,h1_0.created_at,h1_0.nama,h1_0.updated_at,s1_0.mulai,s1_0.toleransi_menit,s1_0.updated_at,u1_0.id,u1_0.created_at,d1_0.id,d1_0.created_at,d1_0.nama,d1_0.updated_at,u1_0.email,u1_0.foto,u1_0.is_verify,m1_0.id,m1_0.created_at,m1_0.divisi_id,m1_0.email,m1_0.foto,m1_0.is_verify,m1_0.mentor_id,m1_0.nim,m1_0.password,m1_0.role_id,m1_0.updated_at,m1_0.username,u1_0.nim,u1_0.password,r2_0.id,r2_0.created_at,r2_0.nama,r2_0.updated_at,u1_0.updated_at,u1_0.username from shifts s1_0 left join haris h1_0 on h1_0.id=s1_0.hari_id left join users u1_0 on u1_0.id=s1_0.user_id left join divisis d1_0 on d1_0.id=u1_0.divisi_id left join users m1_0 on m1_0.id=u1_0.mentor_id left join roles r2_0 on r2_0.id=u1_0.role_id where s1_0.id=?
2026-04-22T11:29:39.381+07:00 DEBUG 3848 --- [http-nio-8080-exec-3] org.hibernate.SQL                        : select s1_0.id,s1_0.akhir,s1_0.created_at,h1_0.id,h1_0.created_at,h1_0.nama,h1_0.updated_at,s1_0.mulai,s1_0.toleransi_menit,s1_0.updated_at,u1_0.id,u1_0.created_at,d1_0.id,d1_0.created_at,d1_0.nama,d1_0.updated_at,u1_0.email,u1_0.foto,u1_0.is_verify,m1_0.id,m1_0.created_at,m1_0.divisi_id,m1_0.email,m1_0.foto,m1_0.is_verify,m1_0.mentor_id,m1_0.nim,m1_0.password,m1_0.role_id,m1_0.updated_at,m1_0.username,u1_0.nim,u1_0.password,r2_0.id,r2_0.created_at,r2_0.nama,r2_0.updated_at,u1_0.updated_at,u1_0.username from shifts s1_0 left join haris h1_0 on h1_0.id=s1_0.hari_id left join users u1_0 on u1_0.id=s1_0.user_id left join divisis d1_0 on d1_0.id=u1_0.divisi_id left join users m1_0 on m1_0.id=u1_0.mentor_id left join roles r2_0 on r2_0.id=u1_0.role_id where s1_0.id=?
2026-04-22T11:29:39.385+07:00 DEBUG 3848 --- [http-nio-8080-exec-3] org.hibernate.SQL                        : select s1_0.id,s1_0.akhir,s1_0.created_at,h1_0.id,h1_0.created_at,h1_0.nama,h1_0.updated_at,s1_0.mulai,s1_0.toleransi_menit,s1_0.updated_at,u1_0.id,u1_0.created_at,d1_0.id,d1_0.created_at,d1_0.nama,d1_0.updated_at,u1_0.email,u1_0.foto,u1_0.is_verify,m1_0.id,m1_0.created_at,m1_0.divisi_id,m1_0.email,m1_0.foto,m1_0.is_verify,m1_0.mentor_id,m1_0.nim,m1_0.password,m1_0.role_id,m1_0.updated_at,m1_0.username,u1_0.nim,u1_0.password,r2_0.id,r2_0.created_at,r2_0.nama,r2_0.updated_at,u1_0.updated_at,u1_0.username from shifts s1_0 left join haris h1_0 on h1_0.id=s1_0.hari_id left join users u1_0 on u1_0.id=s1_0.user_id left join divisis d1_0 on d1_0.id=u1_0.divisi_id left join users m1_0 on m1_0.id=u1_0.mentor_id left join roles r2_0 on r2_0.id=u1_0.role_id where s1_0.id=?
2026-04-22T11:29:39.390+07:00 DEBUG 3848 --- [http-nio-8080-exec-3] org.hibernate.SQL                        : select s1_0.id,s1_0.akhir,s1_0.created_at,h1_0.id,h1_0.created_at,h1_0.nama,h1_0.updated_at,s1_0.mulai,s1_0.toleransi_menit,s1_0.updated_at,u1_0.id,u1_0.created_at,d1_0.id,d1_0.created_at,d1_0.nama,d1_0.updated_at,u1_0.email,u1_0.foto,u1_0.is_verify,m1_0.id,m1_0.created_at,m1_0.divisi_id,m1_0.email,m1_0.foto,m1_0.is_verify,m1_0.mentor_id,m1_0.nim,m1_0.password,m1_0.role_id,m1_0.updated_at,m1_0.username,u1_0.nim,u1_0.password,r2_0.id,r2_0.created_at,r2_0.nama,r2_0.updated_at,u1_0.updated_at,u1_0.username from shifts s1_0 left join haris h1_0 on h1_0.id=s1_0.hari_id left join users u1_0 on u1_0.id=s1_0.user_id left join divisis d1_0 on d1_0.id=u1_0.divisi_id left join users m1_0 on m1_0.id=u1_0.mentor_id left join roles r2_0 on r2_0.id=u1_0.role_id where s1_0.id=?
2026-04-22T11:29:39.395+07:00 DEBUG 3848 --- [http-nio-8080-exec-3] org.hibernate.SQL                        : select s1_0.id,s1_0.akhir,s1_0.created_at,h1_0.id,h1_0.created_at,h1_0.nama,h1_0.updated_at,s1_0.mulai,s1_0.toleransi_menit,s1_0.updated_at,u1_0.id,u1_0.created_at,d1_0.id,d1_0.created_at,d1_0.nama,d1_0.updated_at,u1_0.email,u1_0.foto,u1_0.is_verify,m1_0.id,m1_0.created_at,m1_0.divisi_id,m1_0.email,m1_0.foto,m1_0.is_verify,m1_0.mentor_id,m1_0.nim,m1_0.password,m1_0.role_id,m1_0.updated_at,m1_0.username,u1_0.nim,u1_0.password,r2_0.id,r2_0.created_at,r2_0.nama,r2_0.updated_at,u1_0.updated_at,u1_0.username from shifts s1_0 left join haris h1_0 on h1_0.id=s1_0.hari_id left join users u1_0 on u1_0.id=s1_0.user_id left join divisis d1_0 on d1_0.id=u1_0.divisi_id left join users m1_0 on m1_0.id=u1_0.mentor_id left join roles r2_0 on r2_0.id=u1_0.role_id where s1_0.id=?
2026-04-22T11:29:39.421+07:00 DEBUG 3848 --- [http-nio-8080-exec-3] org.hibernate.SQL                        : select count(a1_0.id) from absensis a1_0 where a1_0.is_private=?
2026-04-22T11:29:39.434+07:00 DEBUG 3848 --- [http-nio-8080-exec-3] m.m.a.RequestResponseBodyMethodProcessor : Using 'application/json', given [application/json, text/plain, */*] and supported [application/json, application/*+json]
2026-04-22T11:29:39.436+07:00 DEBUG 3848 --- [http-nio-8080-exec-3] m.m.a.RequestResponseBodyMethodProcessor : Writing [Page 1 of 4 containing com.absensi.absensiv2.dtos.AbsensiResponse instances]
2026-04-22T11:29:39.446+07:00  WARN 3848 --- [http-nio-8080-exec-3] ration$PageModule$WarningLoggingModifier : Serializing PageImpl instances as-is is not supported, meaning that there is no guarantee about the stability of the resulting JSON structure!
	For a stable JSON structure, please use Spring Data's PagedModel (globally via @EnableSpringDataWebSupport(pageSerializationMode = VIA_DTO))
	or Spring HATEOAS and Spring Data's PagedResourcesAssembler as documented in https://docs.spring.io/spring-data/commons/reference/repositories/core-extensions.html#core.web.pageables.

2026-04-22T11:29:39.473+07:00 DEBUG 3848 --- [http-nio-8080-exec-3] o.s.web.servlet.DispatcherServlet        : Completed 200 OK
